0 info it worked if it ends with ok
1 verbose cli [ '/usr/local/bin/node', '/usr/local/bin/npm', 'run', 'package' ]
2 info using npm@3.10.10
3 info using node@v6.11.1
4 verbose run-script [ 'prepackage', 'package', 'postpackage' ]
5 info lifecycle zimlet-deals@1.0.0~prepackage: zimlet-deals@1.0.0
6 silly lifecycle zimlet-deals@1.0.0~prepackage: no script for prepackage, continuing
7 info lifecycle zimlet-deals@1.0.0~package: zimlet-deals@1.0.0
8 verbose lifecycle zimlet-deals@1.0.0~package: unsafe-perm in lifecycle true
9 verbose lifecycle zimlet-deals@1.0.0~package: PATH: /usr/local/lib/node_modules/npm/bin/node-gyp-bin:/Users/Mastershefu/Desktop/zimlet-deals/node_modules/.bin:/Library/Frameworks/Python.framework/Versions/3.6/bin:/usr/local/bin:/usr/bin:/bin:/usr/sbin:/sbin:/Library/Frameworks/Mono.framework/Versions/Current/Commands
10 verbose lifecycle zimlet-deals@1.0.0~package: CWD: /Users/Mastershefu/Desktop/zimlet-deals
11 silly lifecycle zimlet-deals@1.0.0~package: Args: [ '-c', 'zimlet package' ]
12 silly lifecycle zimlet-deals@1.0.0~package: Returned: code: 1  signal: null
13 info lifecycle zimlet-deals@1.0.0~package: Failed to exec package script
14 verbose stack Error: zimlet-deals@1.0.0 package: `zimlet package`
14 verbose stack Exit status 1
14 verbose stack     at EventEmitter.<anonymous> (/usr/local/lib/node_modules/npm/lib/utils/lifecycle.js:255:16)
14 verbose stack     at emitTwo (events.js:106:13)
14 verbose stack     at EventEmitter.emit (events.js:191:7)
14 verbose stack     at ChildProcess.<anonymous> (/usr/local/lib/node_modules/npm/lib/utils/spawn.js:40:14)
14 verbose stack     at emitTwo (events.js:106:13)
14 verbose stack     at ChildProcess.emit (events.js:191:7)
14 verbose stack     at maybeClose (internal/child_process.js:891:16)
14 verbose stack     at Process.ChildProcess._handle.onexit (internal/child_process.js:226:5)
15 verbose pkgid zimlet-deals@1.0.0
16 verbose cwd /Users/Mastershefu/Desktop/zimlet-deals
17 error Darwin 17.4.0
18 error argv "/usr/local/bin/node" "/usr/local/bin/npm" "run" "package"
19 error node v6.11.1
20 error npm  v3.10.10
21 error code ELIFECYCLE
22 error zimlet-deals@1.0.0 package: `zimlet package`
22 error Exit status 1
23 error Failed at the zimlet-deals@1.0.0 package script 'zimlet package'.
23 error Make sure you have the latest version of node.js and npm installed.
23 error If you do, this is most likely a problem with the zimlet-deals package,
23 error not with npm itself.
23 error Tell the author that this fails on your system:
23 error     zimlet package
23 error You can get information on how to open an issue for this project with:
23 error     npm bugs zimlet-deals
23 error Or if that isn't available, you can get their info via:
23 error     npm owner ls zimlet-deals
23 error There is likely additional logging output above.
24 verbose exit [ 1, true ]
